TN:
SF:src/modificacionP7/PrimeNumber.ts
FN:18,(anonymous_0)
FN:36,(anonymous_1)
FN:49,(anonymous_2)
FN:57,(anonymous_3)
FN:75,(anonymous_4)
FN:93,(anonymous_5)
FN:104,(anonymous_6)
FN:116,(anonymous_7)
FN:126,(anonymous_8)
FN:146,(anonymous_9)
FNF:10
FNH:10
FNDA:1,(anonymous_0)
FNDA:2,(anonymous_1)
FNDA:4,(anonymous_2)
FNDA:1,(anonymous_3)
FNDA:1,(anonymous_4)
FNDA:2,(anonymous_5)
FNDA:2,(anonymous_6)
FNDA:1,(anonymous_7)
FNDA:1,(anonymous_8)
FNDA:1,(anonymous_9)
DA:1,1
DA:3,1
DA:7,1
DA:19,1
DA:20,1
DA:21,1
DA:22,22
DA:23,9
DA:24,9
DA:26,22
DA:37,2
DA:38,1
DA:40,1
DA:42,2
DA:50,4
DA:58,1
DA:59,1
DA:60,1
DA:61,1
DA:62,10
DA:63,5
DA:64,5
DA:66,10
DA:76,1
DA:77,1
DA:78,1
DA:79,1
DA:80,16
DA:81,7
DA:82,7
DA:84,16
DA:86,1
DA:94,2
DA:95,1
DA:105,2
DA:106,1
DA:108,1
DA:117,1
DA:133,1
DA:134,1
DA:135,15
DA:136,5
DA:139,1
DA:147,1
LF:44
LH:44
BRDA:22,0,0,9
BRDA:22,0,1,13
BRDA:37,1,0,1
BRDA:37,1,1,1
BRDA:62,2,0,5
BRDA:62,2,1,5
BRDA:80,3,0,7
BRDA:80,3,1,9
BRDA:94,4,0,1
BRDA:94,4,1,1
BRDA:94,5,0,2
BRDA:94,5,1,1
BRDA:105,6,0,1
BRDA:105,6,1,1
BRDA:105,7,0,2
BRDA:105,7,1,2
BRDA:135,8,0,5
BRDA:135,8,1,10
BRF:18
BRH:18
end_of_record
TN:
SF:src/modificacionP7/isPrimo.ts
FN:1,isPrimo
FNF:1
FNH:1
FNDA:65,isPrimo
DA:1,1
DA:2,65
DA:4,274
DA:5,38
DA:10,27
LF:5
LH:5
BRDA:4,0,0,38
BRDA:4,0,1,236
BRF:2
BRH:2
end_of_record
